<?xml version="1.0" encoding="UTF-8"?>
<testng-results ignored="0" total="3" passed="3" failed="0" skipped="0">
  <reporter-output>
  </reporter-output>
  <suite started-at="2024-06-10T16:06:57 IST" name="Default suite" finished-at="2024-06-10T16:07:01 IST" duration-ms="3784">
    <groups>
    </groups>
    <test started-at="2024-06-10T16:06:57 IST" name="Default test" finished-at="2024-06-10T16:07:01 IST" duration-ms="3784">
      <class name="tests.PutPatchAndDeleteTests">
        <test-method signature="testDelete()[pri:0, instance:tests.PutPatchAndDeleteTests@9597028]" started-at="2024-06-10T16:06:57 IST" name="testDelete" finished-at="2024-06-10T16:07:00 IST" duration-ms="2565" status="PASS">
          <reporter-output>
          </reporter-output>
        </test-method> <!-- testDelete -->
        <test-method signature="testPatch()[pri:0, instance:tests.PutPatchAndDeleteTests@9597028]" started-at="2024-06-10T16:07:00 IST" name="testPatch" finished-at="2024-06-10T16:07:01 IST" duration-ms="529" status="PASS">
          <reporter-output>
          </reporter-output>
        </test-method> <!-- testPatch -->
        <test-method signature="testPut()[pri:0, instance:tests.PutPatchAndDeleteTests@9597028]" started-at="2024-06-10T16:07:01 IST" name="testPut" finished-at="2024-06-10T16:07:01 IST" duration-ms="632" status="PASS">
          <reporter-output>
          </reporter-output>
        </test-method> <!-- testPut -->
      </class> <!-- tests.PutPatchAndDeleteTests -->
    </test> <!-- Default test -->
  </suite> <!-- Default suite -->
</testng-results>
